
> my-app@0.1.0 start /Users/stephaniegalindo/Desktop/BooksSearch/my-app
> react-scripts start

Starting the development server...

Failed to compile.

./src/components/favorite.jsx
Attempted import error: 'BookRow' is not exported from './bookrow'.
Compiling...
Failed to compile.

./src/components/bookrow.jsx
Syntax error: Unexpected token (8:14)

   6 | import React from 'react';
   7 | import Favorite from './favorite';
>  8 | export const }Bookrow }= ({rowNumber, title, author, rating, highlight}) => {
     |              ^
   9 | 
  10 | 	// Scroll to the top of UI when user selects an entry
  11 | 	const click = () => {
Compiling...
Failed to compile.

./src/components/favorite.jsx
Attempted import error: 'BookRow' is not exported from './bookrow'.
Compiling...
Failed to compile.

./src/components/favorite.jsx
Attempted import error: 'BookRow' is not exported from './bookrow'.
Compiling...
Failed to compile.

./src/components/favorite.jsx
Attempted import error: 'BookRow' is not exported from './bookrow'.
Compiling...
Failed to compile.

./src/components/bookrow.jsx
Syntax error: Unexpected token (7:16)

   5 | import Scroll from 'react-scroll';
   6 | import React from 'react';
>  7 | import Favorite} from './favorite';
     |                ^
   8 | export const {Bookrow}= ({rowNumber, title, author, rating, highlight}) => {
   9 | 
  10 | 	// Scroll to the top of UI when user selects an entry
Compiling...
Failed to compile.

./src/components/favorite.jsx
Attempted import error: 'BookRow' is not exported from './bookrow'.
Compiling...
Failed to compile.

./src/components/bookrow.jsx
Syntax error: Unexpected token, expected "," (48:1)

  46 | }
  47 | 
> 48 | Bookrow.propTypes ={
     | ^
  49 | 	title: PropTypes.string,
  50 | 	author: PropTypes.string
  51 | }
Compiling...
Failed to compile.

./src/components/bookrow.jsx
Syntax error: Unexpected token, expected "," (7:18)

   5 | import Scroll from 'react-scroll';
   6 | import React from 'react';
>  7 | import {Favorite from './favorite';
     |                  ^
   8 | export const Bookrow= ({rowNumber, title, author, rating, highlight}) => {
   9 | 
  10 | 	// Scroll to the top of UI when user selects an entry
Compiling...
Failed to compile.

./src/components/favorite.jsx
Attempted import error: 'BookRow' is not exported from './bookrow'.
Compiling...
Failed to compile.

./src/components/favorite.jsx
Attempted import error: 'BookRow' is not exported from './bookrow'.
Compiling...
Failed to compile.

./src/App.js
Syntax error: Unexpected token (7:15)

   5 | import Form from "./components/forms";
   6 | import BookList from "./components/bookList";
>  7 | import Bookrow} from "./components/bookrow";
     |               ^
   8 | import { Favorite } from "./components/favorite";
   9 | import { Menu } from "./components/menu";
  10 |
Compiling...
Failed to compile.

./src/components/favorite.jsx
Attempted import error: 'BookRow' is not exported from './bookrow'.
Compiling...
Failed to compile.

./src/components/favorite.jsx
Attempted import error: 'BookRow' is not exported from './bookrow'.
Compiling...
Failed to compile.

./src/components/favorite.jsx
Attempted import error: 'BookRow' is not exported from './bookrow'.
Compiling...
Failed to compile.

./src/components/favorite.jsx
Syntax error: Unexpected token, expected "," (3:19)

  1 | import React from 'react';
  2 | import PropTypes from 'prop-types';
> 3 | import { BookRow  from "./bookrow";
    |                   ^
  4 | export const Favorites = ({data, highlight, visibility}) => {
  5 | 
  6 | 	if (visibility) {
Compiling...
Failed to compile.

./src/components/favorite.jsx
Attempted import error: './bookrow' does not contain a default export (imported as 'BookRow').
Compiling...
Failed to compile.

./src/components/favorite.jsx
Attempted import error: './bookrow' does not contain a default export (imported as 'BookRow').
Compiling...
Failed to compile.

./src/components/bookrow.jsx
Syntax error: Only expressions, functions or classes are allowed as the `default` export. (8:16)

   6 | import React from 'react';
   7 | import Favorite from './favorite';
>  8 | export default const Bookrow= ({rowNumber, title, author, rating, highlight}) => {
     |                ^
   9 | 
  10 | 	// Scroll to the top of UI when user selects an entry
  11 | 	const click = () => {
Compiling...
Failed to compile.

./src/components/bookrow.jsx
Syntax error: Only expressions, functions or classes are allowed as the `default` export. (8:16)

   6 | import React from 'react';
   7 | import Favorite from './favorite';
>  8 | export default const Bookrow= ({rowNumber, title, author, rating, highlight}) => {
     |                ^
   9 | 
  10 | 	// Scroll to the top of UI when user selects an entry
  11 | 	const click = () => {
Compiling...
Failed to compile.

./src/components/bookrow.jsx
  Line 8:  'Bookrow' is not defined  no-undef
  Line 48:  'Bookrow' is not defined  no-undef

Search for the keywords to learn more about each error.
Compiling...
Failed to compile.

./src/components/bookrow.jsx
  Line 8:  'Bookrow' is not defined  no-undef
  Line 48:  'Bookrow' is not defined  no-undef

Search for the keywords to learn more about each error.
Compiling...
Failed to compile.

./src/components/bookrow.jsx
Syntax error: Only expressions, functions or classes are allowed as the `default` export. (8:16)

   6 | import React from 'react';
   7 | import Favorite from './favorite';
>  8 | export default const Bookrow= ({rowNumber, title, author, rating, highlight}) => {
     |                ^
   9 | 
  10 | 	// Scroll to the top of UI when user selects an entry
  11 | 	const click = () => {
Compiling...
Failed to compile.

./src/components/favorite.jsx
Attempted import error: './bookrow' does not contain a default export (imported as 'BookRow').
Compiling...
Failed to compile.

./src/components/favorite.jsx
Attempted import error: './bookrow' does not contain a default export (imported as 'BookRow').
Compiling...
Failed to compile.

./src/components/favorite.jsx
Attempted import error: './bookrow' does not contain a default export (imported as 'BookRow').
Compiling...
Failed to compile.

./src/components/favorite.jsx
Attempted import error: './bookrow' does not contain a default export (imported as 'BookRow').
Compiling...
Failed to compile.

./src/components/favorite.jsx
Attempted import error: './bookrow' does not contain a default export (imported as 'BookRow').
Compiling...
Failed to compile.

./src/components/bookrow.jsx
Syntax error: Unexpected token (52:16)

  50 | 	author: PropTypes.string
  51 | }
> 52 | export deafult 
     |                ^
Compiling...
Failed to compile.

./src/components/bookrow.jsx
Syntax error: Unexpected token (52:16)

  50 | 	author: PropTypes.string
  51 | }
> 52 | export defualt Bookro 
     |                ^
Compiling...
Failed to compile.

./src/components/bookrow.jsx
Syntax error: Unexpected token (52:16)

  50 | 	author: PropTypes.string
  51 | }
> 52 | export defualt Bookrow 
     |                ^
Compiling...
Failed to compile.

./src/components/favorite.jsx
Attempted import error: './bookrow' does not contain a default export (imported as 'BookRow').
Compiling...
Failed to compile.

./src/components/favorite.jsx
Attempted import error: './bookrow' does not contain a default export (imported as 'BookRow').
Compiling...
Failed to compile.

./src/components/favorite.jsx
  Line 11:  'BookRow' is not defined  react/jsx-no-undef

Search for the keywords to learn more about each error.
Compiling...
Failed to compile.

./src/components/favorite.jsx
Attempted import error: './bookrow' does not contain a default export (imported as 'Bookrow').
Compiling...
Failed to compile.

./src/components/favorite.jsx
Attempted import error: './bookrow' does not contain a default export (imported as 'Bookrow').
Compiling...
Failed to compile.

./src/components/favorite.jsx
Syntax error: Unexpected token (3:15)

  1 | import React from 'react';
  2 | import PropTypes from 'prop-types';
> 3 | import Bookrow}  from "./bookrow";
    |               ^
  4 | export const Favorites = ({data, highlight, visibility}) => {
  5 | 
  6 | 	if (visibility) {
Compiling...
Failed to compile.

./src/components/favorite.jsx
Attempted import error: 'Bookrow' is not exported from './bookrow'.
Compiling...
Failed to compile.

./src/components/favorite.jsx
Attempted import error: 'Bookrow' is not exported from './bookrow'.
Compiling...
Failed to compile.

./src/components/menu.jsx
Module not found: Can't resolve 'react-icons/fa/' in '/Users/stephaniegalindo/Desktop/BooksSearch/my-app/src/components'
Compiling...
Failed to compile.

./src/components/menu.jsx
Module not found: Can't resolve 'react-icons/fa/' in '/Users/stephaniegalindo/Desktop/BooksSearch/my-app/src/components'
